已經開始建置於 2016/6/30 下午 08:00:31。
     1>節點 2 (build 目標) 上的專案 "D:\德祐\視窗\Bloxorz\OpenGL.vcxproj"。
     1>InitializeBuildStatus:
         由於指定了 "AlwaysCreate"，因此正在建立 "Debug\OpenGL.unsuccessfulbuild"。
       ClCompile:
         所有輸出都是最新的。
         所有輸出都是最新的。
       ResourceCompile:
         所有輸出都是最新的。
       ManifestResourceCompile:
         所有輸出都是最新的。
       Link:
         所有輸出都是最新的。
       Manifest:
         C:\Program Files (x86)\Microsoft SDKs\Windows\v7.0A\bin\mt.exe /nologo /verbose /out:"Debug\OpenGL.exe.embed.manifest" /manifest Debug\OpenGL.exe.intermediate.manifest "C:\Program Files (x86)\Microsoft Visual Studio 10.0\VC\Include\Manifest\dpiaware.manifest"
         所有輸出都是最新的。
       FinalizeBuildStatus:
         正在刪除檔案 "Debug\OpenGL.unsuccessfulbuild"。
         正在變更時間戳記 "Debug\OpenGL.lastbuildstate"。
     1>專案 "D:\德祐\視窗\Bloxorz\OpenGL.vcxproj" (build 目標) 建置完成。

建置成功。

經過時間 00:00:00.16
