d:\德祐\專題程式練習\opengl\opengl\debug\opengl.pch
d:\德祐\專題程式練習\opengl\opengl\debug\stdafx.obj
d:\德祐\專題程式練習\opengl\opengl\debug\vc100.pdb
d:\德祐\專題程式練習\opengl\opengl\debug\mainfrm.obj
d:\德祐\專題程式練習\opengl\opengl\debug\opengldoc.obj
d:\德祐\專題程式練習\opengl\opengl\debug\openglview.obj
d:\德祐\專題程式練習\opengl\opengl\debug\opengl.obj
d:\德祐\專題程式練習\opengl\opengl\debug\buttom.obj
d:\德祐\專題程式練習\opengl\opengl - 複製\debug\opengl.pch
d:\德祐\專題程式練習\opengl\opengl - 複製\debug\stdafx.obj
d:\德祐\專題程式練習\opengl\opengl - 複製\debug\vc100.pdb
d:\德祐\專題程式練習\opengl\opengl - 複製\debug\mainfrm.obj
d:\德祐\專題程式練習\opengl\opengl - 複製\debug\opengl.obj
d:\德祐\專題程式練習\opengl\opengl - 複製\debug\opengldoc.obj
d:\德祐\專題程式練習\opengl\opengl - 複製\debug\openglview.obj
d:\德祐\專題程式練習\opengl\cube\debug\opengl.pch
d:\德祐\專題程式練習\opengl\cube\debug\stdafx.obj
d:\德祐\專題程式練習\opengl\cube\debug\vc100.pdb
d:\德祐\專題程式練習\opengl\cube\debug\mainfrm.obj
d:\德祐\專題程式練習\opengl\cube\debug\opengl.obj
d:\德祐\專題程式練習\opengl\cube\debug\opengldoc.obj
d:\德祐\專題程式練習\opengl\cube\debug\openglview.obj
d:\德祐\視窗\cube\debug\opengl.pch
d:\德祐\視窗\cube\debug\stdafx.obj
d:\德祐\視窗\cube\debug\vc100.pdb
d:\德祐\視窗\cube\debug\mainfrm.obj
d:\德祐\視窗\cube\debug\opengl.obj
d:\德祐\視窗\cube\debug\opengldoc.obj
d:\德祐\視窗\cube\debug\openglview.obj
d:\德祐\視窗\bloxorz\debug\opengl.pch
d:\德祐\視窗\bloxorz\debug\stdafx.obj
d:\德祐\視窗\bloxorz\debug\vc100.pdb
d:\德祐\視窗\bloxorz\debug\mainfrm.obj
d:\德祐\視窗\bloxorz\debug\opengldoc.obj
d:\德祐\視窗\bloxorz\debug\opengl.obj
d:\德祐\視窗\bloxorz\debug\openglview.obj
d:\德祐\視窗\bloxorz\debug\cintro.obj
d:\德祐\視窗\bloxorz\debug\cmap.obj
d:\德祐\視窗\bloxorz\debug\cleveldialog.obj
d:\德祐\視窗\bloxorz\debug\glprintf.obj
d:\德祐\視窗\bloxorz\debug\membersdialog.obj
d:\德祐\專題程式練習\opengl\opengl\debug\opengl.ilk
d:\德祐\專題程式練習\opengl\opengl\debug\opengl.exe
d:\德祐\專題程式練習\opengl\opengl\debug\opengl.exe.intermediate.manifest
d:\德祐\專題程式練習\opengl\opengl\debug\opengl.pdb
d:\德祐\專題程式練習\opengl\opengl - 複製\debug\opengl.ilk
d:\德祐\專題程式練習\opengl\opengl - 複製\debug\opengl.exe
d:\德祐\專題程式練習\opengl\opengl - 複製\debug\opengl.exe.intermediate.manifest
d:\德祐\專題程式練習\opengl\opengl - 複製\debug\opengl.pdb
d:\德祐\專題程式練習\opengl\cube\debug\opengl.ilk
d:\德祐\專題程式練習\opengl\cube\debug\opengl.exe
d:\德祐\專題程式練習\opengl\cube\debug\opengl.exe.intermediate.manifest
d:\德祐\專題程式練習\opengl\cube\debug\opengl.pdb
d:\德祐\視窗\cube\debug\opengl.ilk
d:\德祐\視窗\cube\debug\opengl.exe
d:\德祐\視窗\cube\debug\opengl.exe.intermediate.manifest
d:\德祐\視窗\cube\debug\opengl.pdb
d:\德祐\視窗\bloxorz\debug\opengl.ilk
d:\德祐\視窗\bloxorz\debug\opengl.exe
d:\德祐\視窗\bloxorz\debug\opengl.exe.intermediate.manifest
d:\德祐\視窗\bloxorz\debug\opengl.pdb
d:\德祐\專題程式練習\opengl\opengl\debug\opengl.exe.embed.manifest
d:\德祐\專題程式練習\opengl\opengl - 複製\debug\opengl.exe.embed.manifest
d:\德祐\專題程式練習\opengl\opengl\debug\opengl.exe.embed.manifest.res
d:\德祐\專題程式練習\opengl\opengl\debug\opengl.res
d:\德祐\專題程式練習\opengl\opengl - 複製\debug\opengl.res
d:\德祐\專題程式練習\opengl\opengl - 複製\debug\opengl.exe.embed.manifest.res
d:\德祐\專題程式練習\opengl\cube\debug\opengl.res
d:\德祐\專題程式練習\opengl\cube\debug\opengl.exe.embed.manifest.res
d:\德祐\視窗\cube\debug\opengl.res
d:\德祐\視窗\cube\debug\opengl.exe.embed.manifest.res
d:\德祐\視窗\bloxorz\debug\opengl.exe.embed.manifest.res
d:\德祐\視窗\bloxorz\debug\opengl.res
f:\work\git\bloxorz\debug\opengl.pch
f:\work\git\bloxorz\debug\vc142.pdb
f:\work\git\bloxorz\debug\vc142.idb
f:\work\git\bloxorz\debug\stdafx.obj
f:\work\git\bloxorz\debug\opengldoc.obj
f:\work\git\bloxorz\debug\membersdialog.obj
f:\work\git\bloxorz\debug\mainfrm.obj
f:\work\git\bloxorz\debug\glprintf.obj
f:\work\git\bloxorz\debug\cmap.obj
f:\work\git\bloxorz\debug\cleveldialog.obj
f:\work\git\bloxorz\debug\opengl.vcxprojresolveassemblyreference.cache
f:\work\git\bloxorz\debug\buttom.obj
f:\work\git\bloxorz\debug\cintro.obj
f:\work\git\bloxorz\debug\opengl.obj
f:\work\git\bloxorz\debug\openglview.obj
f:\work\git\bloxorz\debug\opengl.ilk
f:\work\git\bloxorz\debug\cl.command.1.tlog
f:\work\git\bloxorz\debug\cl.read.1.tlog
f:\work\git\bloxorz\debug\cl.write.1.tlog
f:\work\git\bloxorz\debug\link-cvtres.read.1.tlog
f:\work\git\bloxorz\debug\link-cvtres.write.1.tlog
f:\work\git\bloxorz\debug\link.10220-cvtres.read.1.tlog
f:\work\git\bloxorz\debug\link.10220-cvtres.write.1.tlog
f:\work\git\bloxorz\debug\link.10220.read.1.tlog
f:\work\git\bloxorz\debug\link.10220.write.1.tlog
f:\work\git\bloxorz\debug\link.10268-cvtres.read.1.tlog
f:\work\git\bloxorz\debug\link.10268-cvtres.write.1.tlog
f:\work\git\bloxorz\debug\link.10268.read.1.tlog
f:\work\git\bloxorz\debug\link.10268.write.1.tlog
f:\work\git\bloxorz\debug\link.10300-cvtres.read.1.tlog
f:\work\git\bloxorz\debug\link.10300-cvtres.write.1.tlog
f:\work\git\bloxorz\debug\link.10300.read.1.tlog
f:\work\git\bloxorz\debug\link.10300.write.1.tlog
f:\work\git\bloxorz\debug\link.10348-cvtres.read.1.tlog
f:\work\git\bloxorz\debug\link.10348-cvtres.write.1.tlog
f:\work\git\bloxorz\debug\link.10348.read.1.tlog
f:\work\git\bloxorz\debug\link.10348.write.1.tlog
f:\work\git\bloxorz\debug\link.10412-cvtres.read.1.tlog
f:\work\git\bloxorz\debug\link.10412-cvtres.write.1.tlog
f:\work\git\bloxorz\debug\link.10412.read.1.tlog
f:\work\git\bloxorz\debug\link.10412.write.1.tlog
f:\work\git\bloxorz\debug\link.10520-cvtres.read.1.tlog
f:\work\git\bloxorz\debug\link.10520-cvtres.write.1.tlog
f:\work\git\bloxorz\debug\link.10520.read.1.tlog
f:\work\git\bloxorz\debug\link.10520.write.1.tlog
f:\work\git\bloxorz\debug\link.1064-cvtres.read.1.tlog
f:\work\git\bloxorz\debug\link.1064-cvtres.write.1.tlog
f:\work\git\bloxorz\debug\link.1064.read.1.tlog
f:\work\git\bloxorz\debug\link.1064.write.1.tlog
f:\work\git\bloxorz\debug\link.10788-cvtres.read.1.tlog
f:\work\git\bloxorz\debug\link.10788-cvtres.write.1.tlog
f:\work\git\bloxorz\debug\link.10788.read.1.tlog
f:\work\git\bloxorz\debug\link.10788.write.1.tlog
f:\work\git\bloxorz\debug\link.10800-cvtres.read.1.tlog
f:\work\git\bloxorz\debug\link.10800-cvtres.write.1.tlog
f:\work\git\bloxorz\debug\link.10800.read.1.tlog
f:\work\git\bloxorz\debug\link.10800.write.1.tlog
f:\work\git\bloxorz\debug\link.10836-cvtres.read.1.tlog
f:\work\git\bloxorz\debug\link.10836-cvtres.write.1.tlog
f:\work\git\bloxorz\debug\link.10836.read.1.tlog
f:\work\git\bloxorz\debug\link.10836.write.1.tlog
f:\work\git\bloxorz\debug\link.10940-cvtres.read.1.tlog
f:\work\git\bloxorz\debug\link.10940-cvtres.write.1.tlog
f:\work\git\bloxorz\debug\link.10940.read.1.tlog
f:\work\git\bloxorz\debug\link.10940.write.1.tlog
f:\work\git\bloxorz\debug\link.11152-cvtres.read.1.tlog
f:\work\git\bloxorz\debug\link.11152-cvtres.write.1.tlog
f:\work\git\bloxorz\debug\link.11152.read.1.tlog
f:\work\git\bloxorz\debug\link.11152.write.1.tlog
f:\work\git\bloxorz\debug\link.11456-cvtres.read.1.tlog
f:\work\git\bloxorz\debug\link.11456-cvtres.write.1.tlog
f:\work\git\bloxorz\debug\link.11456.read.1.tlog
f:\work\git\bloxorz\debug\link.11456.write.1.tlog
f:\work\git\bloxorz\debug\link.11768-cvtres.read.1.tlog
f:\work\git\bloxorz\debug\link.11768-cvtres.write.1.tlog
f:\work\git\bloxorz\debug\link.11768.read.1.tlog
f:\work\git\bloxorz\debug\link.11768.write.1.tlog
f:\work\git\bloxorz\debug\link.11784-cvtres.read.1.tlog
f:\work\git\bloxorz\debug\link.11784-cvtres.write.1.tlog
f:\work\git\bloxorz\debug\link.11784.read.1.tlog
f:\work\git\bloxorz\debug\link.11784.write.1.tlog
f:\work\git\bloxorz\debug\link.12240-cvtres.read.1.tlog
f:\work\git\bloxorz\debug\link.12240-cvtres.write.1.tlog
f:\work\git\bloxorz\debug\link.12240.read.1.tlog
f:\work\git\bloxorz\debug\link.12240.write.1.tlog
f:\work\git\bloxorz\debug\link.12584-cvtres.read.1.tlog
f:\work\git\bloxorz\debug\link.12584-cvtres.write.1.tlog
f:\work\git\bloxorz\debug\link.12584.read.1.tlog
f:\work\git\bloxorz\debug\link.12584.write.1.tlog
f:\work\git\bloxorz\debug\link.1388-cvtres.read.1.tlog
f:\work\git\bloxorz\debug\link.1388-cvtres.write.1.tlog
f:\work\git\bloxorz\debug\link.1388.read.1.tlog
f:\work\git\bloxorz\debug\link.1388.write.1.tlog
f:\work\git\bloxorz\debug\link.1756-cvtres.read.1.tlog
f:\work\git\bloxorz\debug\link.1756-cvtres.write.1.tlog
f:\work\git\bloxorz\debug\link.1756.read.1.tlog
f:\work\git\bloxorz\debug\link.1756.write.1.tlog
f:\work\git\bloxorz\debug\link.1980-cvtres.read.1.tlog
f:\work\git\bloxorz\debug\link.1980-cvtres.write.1.tlog
f:\work\git\bloxorz\debug\link.1980.read.1.tlog
f:\work\git\bloxorz\debug\link.1980.write.1.tlog
f:\work\git\bloxorz\debug\link.3244-cvtres.read.1.tlog
f:\work\git\bloxorz\debug\link.3244-cvtres.write.1.tlog
f:\work\git\bloxorz\debug\link.3244.read.1.tlog
f:\work\git\bloxorz\debug\link.3244.write.1.tlog
f:\work\git\bloxorz\debug\link.3632-cvtres.read.1.tlog
f:\work\git\bloxorz\debug\link.3632-cvtres.write.1.tlog
f:\work\git\bloxorz\debug\link.3632.read.1.tlog
f:\work\git\bloxorz\debug\link.3632.write.1.tlog
f:\work\git\bloxorz\debug\link.3776-cvtres.read.1.tlog
f:\work\git\bloxorz\debug\link.3776-cvtres.write.1.tlog
f:\work\git\bloxorz\debug\link.3776.read.1.tlog
f:\work\git\bloxorz\debug\link.3776.write.1.tlog
f:\work\git\bloxorz\debug\link.3780-cvtres.read.1.tlog
f:\work\git\bloxorz\debug\link.3780-cvtres.write.1.tlog
f:\work\git\bloxorz\debug\link.3780.read.1.tlog
f:\work\git\bloxorz\debug\link.3780.write.1.tlog
f:\work\git\bloxorz\debug\link.4060-cvtres.read.1.tlog
f:\work\git\bloxorz\debug\link.4060-cvtres.write.1.tlog
f:\work\git\bloxorz\debug\link.4060.read.1.tlog
f:\work\git\bloxorz\debug\link.4060.write.1.tlog
f:\work\git\bloxorz\debug\link.4696-cvtres.read.1.tlog
f:\work\git\bloxorz\debug\link.4696-cvtres.write.1.tlog
f:\work\git\bloxorz\debug\link.4696.read.1.tlog
f:\work\git\bloxorz\debug\link.4696.write.1.tlog
f:\work\git\bloxorz\debug\link.4828-cvtres.read.1.tlog
f:\work\git\bloxorz\debug\link.4828-cvtres.write.1.tlog
f:\work\git\bloxorz\debug\link.4828.read.1.tlog
f:\work\git\bloxorz\debug\link.4828.write.1.tlog
f:\work\git\bloxorz\debug\link.5756-cvtres.read.1.tlog
f:\work\git\bloxorz\debug\link.5756-cvtres.write.1.tlog
f:\work\git\bloxorz\debug\link.5756.read.1.tlog
f:\work\git\bloxorz\debug\link.5756.write.1.tlog
f:\work\git\bloxorz\debug\link.5852-cvtres.read.1.tlog
f:\work\git\bloxorz\debug\link.5852-cvtres.write.1.tlog
f:\work\git\bloxorz\debug\link.5852.read.1.tlog
f:\work\git\bloxorz\debug\link.5852.write.1.tlog
f:\work\git\bloxorz\debug\link.5892-cvtres.read.1.tlog
f:\work\git\bloxorz\debug\link.5892-cvtres.write.1.tlog
f:\work\git\bloxorz\debug\link.5892.read.1.tlog
f:\work\git\bloxorz\debug\link.5892.write.1.tlog
f:\work\git\bloxorz\debug\link.6380-cvtres.read.1.tlog
f:\work\git\bloxorz\debug\link.6380-cvtres.write.1.tlog
f:\work\git\bloxorz\debug\link.6380.read.1.tlog
f:\work\git\bloxorz\debug\link.6380.write.1.tlog
f:\work\git\bloxorz\debug\link.6404-cvtres.read.1.tlog
f:\work\git\bloxorz\debug\link.6404-cvtres.write.1.tlog
f:\work\git\bloxorz\debug\link.6404.read.1.tlog
f:\work\git\bloxorz\debug\link.6404.write.1.tlog
f:\work\git\bloxorz\debug\link.6524-cvtres.read.1.tlog
f:\work\git\bloxorz\debug\link.6524-cvtres.write.1.tlog
f:\work\git\bloxorz\debug\link.6524.read.1.tlog
f:\work\git\bloxorz\debug\link.6524.write.1.tlog
f:\work\git\bloxorz\debug\link.6668-cvtres.read.1.tlog
f:\work\git\bloxorz\debug\link.6668-cvtres.write.1.tlog
f:\work\git\bloxorz\debug\link.6668.read.1.tlog
f:\work\git\bloxorz\debug\link.6668.write.1.tlog
f:\work\git\bloxorz\debug\link.6692-cvtres.read.1.tlog
f:\work\git\bloxorz\debug\link.6692-cvtres.write.1.tlog
f:\work\git\bloxorz\debug\link.6692.read.1.tlog
f:\work\git\bloxorz\debug\link.6692.write.1.tlog
f:\work\git\bloxorz\debug\link.6796-cvtres.read.1.tlog
f:\work\git\bloxorz\debug\link.6796-cvtres.write.1.tlog
f:\work\git\bloxorz\debug\link.6796.read.1.tlog
f:\work\git\bloxorz\debug\link.6796.write.1.tlog
f:\work\git\bloxorz\debug\link.6812-cvtres.read.1.tlog
f:\work\git\bloxorz\debug\link.6812-cvtres.write.1.tlog
f:\work\git\bloxorz\debug\link.6812.read.1.tlog
f:\work\git\bloxorz\debug\link.6812.write.1.tlog
f:\work\git\bloxorz\debug\link.6960-cvtres.read.1.tlog
f:\work\git\bloxorz\debug\link.6960-cvtres.write.1.tlog
f:\work\git\bloxorz\debug\link.6960.read.1.tlog
f:\work\git\bloxorz\debug\link.6960.write.1.tlog
f:\work\git\bloxorz\debug\link.7072-cvtres.read.1.tlog
f:\work\git\bloxorz\debug\link.7072-cvtres.write.1.tlog
f:\work\git\bloxorz\debug\link.7072.read.1.tlog
f:\work\git\bloxorz\debug\link.7072.write.1.tlog
f:\work\git\bloxorz\debug\link.7232-cvtres.read.1.tlog
f:\work\git\bloxorz\debug\link.7232-cvtres.write.1.tlog
f:\work\git\bloxorz\debug\link.7232.read.1.tlog
f:\work\git\bloxorz\debug\link.7232.write.1.tlog
f:\work\git\bloxorz\debug\link.7528-cvtres.read.1.tlog
f:\work\git\bloxorz\debug\link.7528-cvtres.write.1.tlog
f:\work\git\bloxorz\debug\link.7528.read.1.tlog
f:\work\git\bloxorz\debug\link.7528.write.1.tlog
f:\work\git\bloxorz\debug\link.7704-cvtres.read.1.tlog
f:\work\git\bloxorz\debug\link.7704-cvtres.write.1.tlog
f:\work\git\bloxorz\debug\link.7704.read.1.tlog
f:\work\git\bloxorz\debug\link.7704.write.1.tlog
f:\work\git\bloxorz\debug\link.7896-cvtres.read.1.tlog
f:\work\git\bloxorz\debug\link.7896-cvtres.write.1.tlog
f:\work\git\bloxorz\debug\link.7896.read.1.tlog
f:\work\git\bloxorz\debug\link.7896.write.1.tlog
f:\work\git\bloxorz\debug\link.8016-cvtres.read.1.tlog
f:\work\git\bloxorz\debug\link.8016-cvtres.write.1.tlog
f:\work\git\bloxorz\debug\link.8016.read.1.tlog
f:\work\git\bloxorz\debug\link.8016.write.1.tlog
f:\work\git\bloxorz\debug\link.8036-cvtres.read.1.tlog
f:\work\git\bloxorz\debug\link.8036-cvtres.write.1.tlog
f:\work\git\bloxorz\debug\link.8036.read.1.tlog
f:\work\git\bloxorz\debug\link.8036.write.1.tlog
f:\work\git\bloxorz\debug\link.8176-cvtres.read.1.tlog
f:\work\git\bloxorz\debug\link.8176-cvtres.write.1.tlog
f:\work\git\bloxorz\debug\link.8176.read.1.tlog
f:\work\git\bloxorz\debug\link.8176.write.1.tlog
f:\work\git\bloxorz\debug\link.8208-cvtres.read.1.tlog
f:\work\git\bloxorz\debug\link.8208-cvtres.write.1.tlog
f:\work\git\bloxorz\debug\link.8208.read.1.tlog
f:\work\git\bloxorz\debug\link.8208.write.1.tlog
f:\work\git\bloxorz\debug\link.8216-cvtres.read.1.tlog
f:\work\git\bloxorz\debug\link.8216-cvtres.write.1.tlog
f:\work\git\bloxorz\debug\link.8216.read.1.tlog
f:\work\git\bloxorz\debug\link.8216.write.1.tlog
f:\work\git\bloxorz\debug\link.8588-cvtres.read.1.tlog
f:\work\git\bloxorz\debug\link.8588-cvtres.write.1.tlog
f:\work\git\bloxorz\debug\link.8588.read.1.tlog
f:\work\git\bloxorz\debug\link.8588.write.1.tlog
f:\work\git\bloxorz\debug\link.8888-cvtres.read.1.tlog
f:\work\git\bloxorz\debug\link.8888-cvtres.write.1.tlog
f:\work\git\bloxorz\debug\link.8888.read.1.tlog
f:\work\git\bloxorz\debug\link.8888.write.1.tlog
f:\work\git\bloxorz\debug\link.8932-cvtres.read.1.tlog
f:\work\git\bloxorz\debug\link.8932-cvtres.write.1.tlog
f:\work\git\bloxorz\debug\link.8932.read.1.tlog
f:\work\git\bloxorz\debug\link.8932.write.1.tlog
f:\work\git\bloxorz\debug\link.9068-cvtres.read.1.tlog
f:\work\git\bloxorz\debug\link.9068-cvtres.write.1.tlog
f:\work\git\bloxorz\debug\link.9068.read.1.tlog
f:\work\git\bloxorz\debug\link.9068.write.1.tlog
f:\work\git\bloxorz\debug\link.9116-cvtres.read.1.tlog
f:\work\git\bloxorz\debug\link.9116-cvtres.write.1.tlog
f:\work\git\bloxorz\debug\link.9116.read.1.tlog
f:\work\git\bloxorz\debug\link.9116.write.1.tlog
f:\work\git\bloxorz\debug\link.9296-cvtres.read.1.tlog
f:\work\git\bloxorz\debug\link.9296-cvtres.write.1.tlog
f:\work\git\bloxorz\debug\link.9296.read.1.tlog
f:\work\git\bloxorz\debug\link.9296.write.1.tlog
f:\work\git\bloxorz\debug\link.9332-cvtres.read.1.tlog
f:\work\git\bloxorz\debug\link.9332-cvtres.write.1.tlog
f:\work\git\bloxorz\debug\link.9332.read.1.tlog
f:\work\git\bloxorz\debug\link.9332.write.1.tlog
f:\work\git\bloxorz\debug\link.9432-cvtres.read.1.tlog
f:\work\git\bloxorz\debug\link.9432-cvtres.write.1.tlog
f:\work\git\bloxorz\debug\link.9432.read.1.tlog
f:\work\git\bloxorz\debug\link.9432.write.1.tlog
f:\work\git\bloxorz\debug\link.9500-cvtres.read.1.tlog
f:\work\git\bloxorz\debug\link.9500-cvtres.write.1.tlog
f:\work\git\bloxorz\debug\link.9500.read.1.tlog
f:\work\git\bloxorz\debug\link.9500.write.1.tlog
f:\work\git\bloxorz\debug\link.9604-cvtres.read.1.tlog
f:\work\git\bloxorz\debug\link.9604-cvtres.write.1.tlog
f:\work\git\bloxorz\debug\link.9604.read.1.tlog
f:\work\git\bloxorz\debug\link.9604.write.1.tlog
f:\work\git\bloxorz\debug\link.9716-cvtres.read.1.tlog
f:\work\git\bloxorz\debug\link.9716-cvtres.write.1.tlog
f:\work\git\bloxorz\debug\link.9716.read.1.tlog
f:\work\git\bloxorz\debug\link.9716.write.1.tlog
f:\work\git\bloxorz\debug\link.9724-cvtres.read.1.tlog
f:\work\git\bloxorz\debug\link.9724-cvtres.write.1.tlog
f:\work\git\bloxorz\debug\link.9724.read.1.tlog
f:\work\git\bloxorz\debug\link.9724.write.1.tlog
f:\work\git\bloxorz\debug\link.9772-cvtres.read.1.tlog
f:\work\git\bloxorz\debug\link.9772-cvtres.write.1.tlog
f:\work\git\bloxorz\debug\link.9772.read.1.tlog
f:\work\git\bloxorz\debug\link.9772.write.1.tlog
f:\work\git\bloxorz\debug\link.9868-cvtres.read.1.tlog
f:\work\git\bloxorz\debug\link.9868-cvtres.write.1.tlog
f:\work\git\bloxorz\debug\link.9868.read.1.tlog
f:\work\git\bloxorz\debug\link.9868.write.1.tlog
f:\work\git\bloxorz\debug\link.9984-cvtres.read.1.tlog
f:\work\git\bloxorz\debug\link.9984-cvtres.write.1.tlog
f:\work\git\bloxorz\debug\link.9984.read.1.tlog
f:\work\git\bloxorz\debug\link.9984.write.1.tlog
f:\work\git\bloxorz\debug\link.command.1.tlog
f:\work\git\bloxorz\debug\link.read.1.tlog
f:\work\git\bloxorz\debug\link.write.1.tlog
f:\work\git\bloxorz\debug\mt.command.1.tlog
f:\work\git\bloxorz\debug\mt.read.1.tlog
f:\work\git\bloxorz\debug\mt.write.1.tlog
f:\work\git\bloxorz\debug\opengl.write.1.tlog
f:\work\git\bloxorz\debug\rc.command.1.tlog
f:\work\git\bloxorz\debug\rc.read.1.tlog
f:\work\git\bloxorz\debug\rc.write.1.tlog
f:\work\git\bloxorz\debug\opengl.exe.embed.manifest
f:\work\git\bloxorz\debug\opengl.exe.intermediate.manifest
f:\work\git\bloxorz\debug\opengl.exe.embed.manifest.res
f:\work\git\bloxorz\debug\opengl.res
f:\work\git\bloxorz\debug\vc100.idb
f:\work\git\bloxorz\debug\opengl.pdb
f:\work\git\bloxorz\debug\vc100.pdb
f:\work\git\bloxorz\debug\opengl_manifest.rc
f:\work\git\bloxorz\debug\opengl.exe
f:\work\git\bloxorz\debug\opengl.tlog\cl.command.1.tlog
f:\work\git\bloxorz\debug\opengl.tlog\cl.read.1.tlog
f:\work\git\bloxorz\debug\opengl.tlog\cl.write.1.tlog
